Build started 22/10/2014 17:39:20.
     1>Project "C:\Users\Biolab\GitHub\Cpp-Examples\MinicursoCpp\4_VariableDeclaration\4_VariableDeclaration.vcxproj" on node 2 (build target(s)).
     1>InitializeBuildStatus:
         Creating "Debug\4_VariableDeclaration.unsuccessfulbuild" because "AlwaysCreate" was specified.
       ClCompile:
         C:\Program Files (x86)\Microsoft Visual Studio 10.0\VC\bin\CL.exe /c /ZI /nologo /W3 /WX- /Od /Oy- /D WIN32 /D _DEBUG /D _CONSOLE /D _UNICODE /D UNICODE /Gm /EHsc /RTC1 /MDd /GS /fp:precise /Zc:wchar_t /Zc:forScope /Fo"Debug\\" /Fd"Debug\vc100.pdb" /Gd /TP /analyze- /errorReport:prompt variablesexample.cpp
         variablesexample.cpp
       ManifestResourceCompile:
         C:\Program Files (x86)\Microsoft SDKs\Windows\v7.0A\bin\rc.exe /nologo /fo"Debug\4_VariableDeclaration.exe.embed.manifest.res" Debug\4_VariableDeclaration_manifest.rc 
       Link:
         C:\Program Files (x86)\Microsoft Visual Studio 10.0\VC\bin\link.exe /ERRORREPORT:PROMPT /OUT:"C:\Users\Biolab\GitHub\Cpp-Examples\MinicursoCpp\Debug\4_VariableDeclaration.exe" /INCREMENTAL /NOLOGO kernel32.lib user32.lib gdi32.lib winspool.lib comdlg32.lib advapi32.lib shell32.lib ole32.lib oleaut32.lib uuid.lib odbc32.lib odbccp32.lib /MANIFEST /ManifestFile:"Debug\4_VariableDeclaration.exe.intermediate.manifest" /MANIFESTUAC:"level='asInvoker' uiAccess='false'" /DEBUG /PDB:"C:\Users\Biolab\GitHub\Cpp-Examples\MinicursoCpp\Debug\4_VariableDeclaration.pdb" /SUBSYSTEM:CONSOLE /TLBID:1 /DYNAMICBASE /NXCOMPAT /IMPLIB:"C:\Users\Biolab\GitHub\Cpp-Examples\MinicursoCpp\Debug\4_VariableDeclaration.lib" /MACHINE:X86 Debug\4_VariableDeclaration.exe.embed.manifest.res
         Debug\variablesexample.obj
     1>LINK : fatal error LNK1123: failure during conversion to COFF: file invalid or corrupt
     1>Done Building Project "C:\Users\Biolab\GitHub\Cpp-Examples\MinicursoCpp\4_VariableDeclaration\4_VariableDeclaration.vcxproj" (build target(s)) -- FAILED.

Build FAILED.

Time Elapsed 00:00:03.07
